
GET /api/contacts 19-05-2023_04:37:32
GET /api/contacts/AeHIrLTr6JkxGE6SN-0Rw 19-05-2023_04:38:25
GET /api/contacts/AeHIrLTr6JkxGE6SN-0Rw 19-05-2023_04:38:30
GET /api/contacts/AeHIrLTr6JkxGE6SN-0Rw 19-05-2023_04:38:50
POST /api/contacts 19-05-2023_04:50:26
POST /api/contacts 19-05-2023_04:58:16
POST /api/contacts 19-05-2023_05:00:58
POST /api/contacts 19-05-2023_05:01:19
POST /api/contacts 19-05-2023_05:03:24
POST /api/contacts 19-05-2023_05:03:33
POST /api/contacts 19-05-2023_05:03:42
POST /api/contacts 19-05-2023_05:03:54
POST /api/contacts 19-05-2023_05:04:08
GET /api/contacts 19-05-2023_05:04:19
PUT /api/contacts/TPaBZykLnFi5yr_cMjlpT 19-05-2023_05:05:21
PUT /api/contacts/TPaBZykLnFi5yr_cMjlpT 19-05-2023_05:05:40
GET /api/contacts 19-05-2023_05:05:56
DELETE /api/contacts/TPaBZykLnFi5yr_cMjlpT 19-05-2023_05:06:35
GET /api/contacts 19-05-2023_05:06:44
DELETE /api/contacts/AiU9CHUzN45i1dqQJI3f8 19-05-2023_05:07:00
DELETE /api/contacts/AiU9CHUzN45i1dqQJI3f8 19-05-2023_05:07:05
DELETE /api/contacts/AiU9CHUzN45i1dqQJI3f8 19-05-2023_05:07:48
DELETE /api/contacts/AiU9CHUzN45i1dqQJI3f8 19-05-2023_05:09:01
GET /api/contacts/AeHIrLTr6JkxGE6SN-0R 19-05-2023_05:11:24
GET /api/contacts/AeHIrLTr6JkxGE6SN-0R 19-05-2023_05:13:41
GET /api/contacts/AeHIrLTr6JkxGE6SN-0R 19-05-2023_05:14:11
GET /api/contacts/AeHIrLTr6JkxGE6SN-0R 19-05-2023_05:15:01
GET /api/contacts/AeHIrLTr6JkxGE6SN-0R 19-05-2023_05:16:07
GET /api/contacts/AeHIrLTr6JkxGE6SN-0R 19-05-2023_05:16:50
GET /api/contacts/AeHIrLTr6JkxGE6SN-0R 19-05-2023_05:18:14
PUT /api/contacts/TPaBZykLnFi5yr_cMjlpT 19-05-2023_05:19:17
PUT /api/contacts/TPaBZykLnFi5yr_cMjlpT 19-05-2023_05:20:26
PUT /api/contacts/TPaBZykLnFi5yr_cMjlpT 19-05-2023_05:21:10